[2020-12-28T18:37:14.327366+01:00] database.ERROR: {"id":"1","sz":"s","q":"1"} [] []
[2020-12-28T18:37:14.329290+01:00] database.ERROR: [{"pizza_id":1,"pizza_sz":"m","quantity":2}] [] []
[2020-12-28T18:37:21.339810+01:00] database.ERROR: {"id":"1","sz":"s","q":2} [] []
[2020-12-28T18:37:21.341832+01:00] database.ERROR: [{"pizza_id":1,"pizza_sz":"m","quantity":2},{"pizza_id":1,"pizza_sz":"s","quantity":1}] [] []
[2020-12-28T18:37:21.341909+01:00] database.ERROR: here [] []
[2020-12-28T18:37:24.020245+01:00] database.ERROR: {"id":"2","sz":"m","q":"1"} [] []
[2020-12-28T18:37:24.021861+01:00] database.ERROR: [{"pizza_id":1,"pizza_sz":"m","quantity":2},{"pizza_id":1,"pizza_sz":"s","quantity":2}] [] []
[2020-12-28T18:37:24.505388+01:00] database.ERROR: {"id":"2","sz":"m","q":2} [] []
[2020-12-28T18:37:24.507154+01:00] database.ERROR: [{"pizza_id":1,"pizza_sz":"m","quantity":2},{"pizza_id":1,"pizza_sz":"s","quantity":2},{"pizza_id":2,"pizza_sz":"m","quantity":1}] [] []
[2020-12-28T18:37:24.507216+01:00] database.ERROR: here [] []
[2020-12-28T18:37:27.131650+01:00] database.ERROR: {"id":"3","sz":"l","q":"1"} [] []
[2020-12-28T18:37:27.133258+01:00] database.ERROR: [{"pizza_id":1,"pizza_sz":"m","quantity":2},{"pizza_id":1,"pizza_sz":"s","quantity":2},{"pizza_id":2,"pizza_sz":"m","quantity":2}] [] []
[2020-12-28T18:37:27.518009+01:00] database.ERROR: {"id":"3","sz":"l","q":2} [] []
[2020-12-28T18:37:27.519665+01:00] database.ERROR: [{"pizza_id":1,"pizza_sz":"m","quantity":2},{"pizza_id":1,"pizza_sz":"s","quantity":2},{"pizza_id":2,"pizza_sz":"m","quantity":2},{"pizza_id":3,"pizza_sz":"l","quantity":1}] [] []
[2020-12-28T18:37:27.519727+01:00] database.ERROR: here [] []
[2020-12-28T18:37:27.958950+01:00] database.ERROR: {"id":"3","sz":"l","q":3} [] []
[2020-12-28T18:37:27.960489+01:00] database.ERROR: [{"pizza_id":1,"pizza_sz":"m","quantity":2},{"pizza_id":1,"pizza_sz":"s","quantity":2},{"pizza_id":2,"pizza_sz":"m","quantity":2},{"pizza_id":3,"pizza_sz":"l","quantity":2}] [] []
[2020-12-28T18:37:27.960565+01:00] database.ERROR: here [] []
[2020-12-28T18:37:49.190857+01:00] database.ERROR: {"id":"5","sz":"l","q":"1"} [] []
[2020-12-28T18:37:49.192809+01:00] database.ERROR: [{"pizza_id":1,"pizza_sz":"m","quantity":2},{"pizza_id":1,"pizza_sz":"s","quantity":2},{"pizza_id":2,"pizza_sz":"m","quantity":2},{"pizza_id":3,"pizza_sz":"l","quantity":3}] [] []
[2020-12-28T18:38:19.516968+01:00] database.ERROR: {"id":"2","sz":"m","q":3} [] []
[2020-12-28T18:38:19.518632+01:00] database.ERROR: [{"pizza_id":1,"pizza_sz":"m","quantity":2},{"pizza_id":1,"pizza_sz":"s","quantity":2},{"pizza_id":2,"pizza_sz":"m","quantity":2},{"pizza_id":3,"pizza_sz":"l","quantity":3},{"pizza_id":5,"pizza_sz":"l","quantity":1}] [] []
[2020-12-28T18:38:19.518700+01:00] database.ERROR: here [] []
[2020-12-28T18:38:34.928081+01:00] database.ERROR: {"id":"5","sz":"l","q":2} [] []
[2020-12-28T18:38:34.929674+01:00] database.ERROR: [{"pizza_id":1,"pizza_sz":"m","quantity":2},{"pizza_id":1,"pizza_sz":"s","quantity":2},{"pizza_id":2,"pizza_sz":"m","quantity":3},{"pizza_id":3,"pizza_sz":"l","quantity":3},{"pizza_id":5,"pizza_sz":"l","quantity":1}] [] []
[2020-12-28T18:38:34.929747+01:00] database.ERROR: here [] []
